<?xml version="1.0" encoding="UTF-8"?>
<!-- Generated by org.testng.reporters.JUnitXMLReporter -->
<testsuite ignored="0" hostname="Hestabits-MacBook-Pro.local" failures="1" tests="1" name="usercreateTest" time="46.763" errors="0" timestamp="2024-04-02T15:32:14 IST">
  <testcase classname="Testcases.TC_002_Blogcreation" name="setupblog" time="31.435">
    <failure type="java.lang.AssertionError" message="null">
      <![CDATA[java.lang.AssertionError: null
at Testcases.TC_002_Blogcreation.setupblog(TC_002_Blogcreation.java:45)
at java.base/java.util.ArrayList.forEach(ArrayList.java:1511)
... Removed 29 stack frames]]>
    </failure>
  </testcase> <!-- setupblog -->
</testsuite> <!-- usercreateTest -->
